[6424:17564:0311/231215.030:VERBOSE1:crash_service_main.cc(78)] Session start. cmdline is [--reporter-url=https://crashreporter.atom.io --application-name=Atom "--crashes-directory=C:\Users\HP\AppData\Local\Temp\Atom Crashes" --v=1]
[6424:17564:0311/231215.050:VERBOSE1:crash_service.cc(142)] window handle is 0000000000450D14
[6424:17564:0311/231215.050:VERBOSE1:crash_service.cc(284)] pipe name is \\.\pipe\Atom Crash Service
dumps at C:\Users\HP\AppData\Local\Temp\Atom Crashes
[6424:17564:0311/231215.050:VERBOSE1:crash_service.cc(288)] checkpoint is C:\Users\HP\AppData\Local\Temp\Atom Crashes\crash_checkpoint.txt
server is https://crashreporter.atom.io
maximum 128 reports/day
reporter is electron-crash-service
[6424:17564:0311/231215.051:VERBOSE1:crash_service_main.cc(94)] Ready to process crash requests
[6424:19052:0311/231215.051:VERBOSE1:crash_service.cc(317)] client start. pid = 4912
[6424:19052:0311/231223.927:VERBOSE1:crash_service.cc(317)] client start. pid = 18120
[6424:2288:0313/003722.976:VERBOSE1:crash_service.cc(325)] client end. pid = 18120
[6424:2288:0313/003726.644:VERBOSE1:crash_service.cc(325)] client end. pid = 4912
[6424:2288:0313/003727.645:VERBOSE1:crash_service.cc(346)] zero clients. exiting
[6424:17564:0313/003727.645:VERBOSE1:crash_service.cc(486)] session ending..
[6424:17564:0313/003727.645:VERBOSE1:crash_service.cc(491)] clients connected :2
clients terminated :2
dumps serviced :0
dumps reported :0
[6424:17564:0313/003727.645:VERBOSE1:crash_service_main.cc(99)] Session end. return code is 0
[13160:16292:0313/004754.818:VERBOSE1:crash_service_main.cc(78)] Session start. cmdline is [--reporter-url=https://crashreporter.atom.io --application-name=Atom "--crashes-directory=C:\Users\HP\AppData\Local\Temp\Atom Crashes" --v=1]
[13160:16292:0313/004754.837:VERBOSE1:crash_service.cc(142)] window handle is 00000000003D03D8
[13160:16292:0313/004754.837:VERBOSE1:crash_service.cc(284)] pipe name is \\.\pipe\Atom Crash Service
dumps at C:\Users\HP\AppData\Local\Temp\Atom Crashes
[13160:16292:0313/004754.837:VERBOSE1:crash_service.cc(288)] checkpoint is C:\Users\HP\AppData\Local\Temp\Atom Crashes\crash_checkpoint.txt
server is https://crashreporter.atom.io
maximum 128 reports/day
reporter is electron-crash-service
[13160:16292:0313/004754.837:ERROR:crash_service.cc(295)] could not start dumper
